\BOOKMARK [1][-]{section.1}{\376\377\000P\000r\000\351\000s\000e\000n\000t\000a\000t\000i\000o\000n\000\040\000d\000e\000\040\000l\000a\000\040\000m\000e\000n\000a\000c\000e}{}% 1
\BOOKMARK [2][-]{subsection.1.1}{\376\377\000D\000\351\000f\000i\000n\000i\000t\000i\000o\000n}{section.1}% 2
\BOOKMARK [2][-]{subsection.1.2}{\376\377\000H\000i\000s\000t\000o\000r\000i\000q\000u\000e}{section.1}% 3
\BOOKMARK [2][-]{subsection.1.3}{\376\377\000M\000o\000t\000i\000v\000a\000t\000i\000o\000n\000s\000\040\000l\000i\000\351\000e\000s\000\040\000\340\000\040\000l\000a\000\040\000m\000e\000n\000a\000c\000e\000\040\000b\000o\000t\000n\000e\000t}{section.1}% 4
\BOOKMARK [2][-]{subsection.1.4}{\376\377\000L\000e\000s\000\040\000t\000y\000p\000e\000\040\000d\000e\000\040\000m\000e\000n\000a\000c\000e\000s}{section.1}% 5
\BOOKMARK [2][-]{subsection.1.5}{\376\377\000C\000y\000c\000l\000e\000\040\000d\000e\000\040\000v\000i\000e\000\040\000d\000'\000u\000n\000e\000\040\000a\000t\000t\000a\000q\000u\000e\000:}{section.1}% 6
\BOOKMARK [3][-]{subsubsection.1.5.1}{\376\377\000I\000n\000f\000e\000c\000t\000i\000o\000n\000\040\000d\000e\000\040\000l\000a\000\040\000m\000a\000c\000h\000i\000n\000e}{subsection.1.5}% 7
\BOOKMARK [3][-]{subsubsection.1.5.2}{\376\377\000A\000c\000t\000i\000v\000a\000t\000i\000o\000n}{subsection.1.5}% 8
\BOOKMARK [3][-]{subsubsection.1.5.3}{\376\377\000M\000i\000s\000e\000\040\000\340\000\040\000j\000o\000u\000r}{subsection.1.5}% 9
\BOOKMARK [3][-]{subsubsection.1.5.4}{\376\377\000A\000u\000t\000o\000-\000p\000r\000o\000t\000e\000c\000t\000i\000o\000n}{subsection.1.5}% 10
\BOOKMARK [3][-]{subsubsection.1.5.5}{\376\377\000P\000r\000o\000p\000a\000g\000a\000t\000i\000o\000n}{subsection.1.5}% 11
\BOOKMARK [3][-]{subsubsection.1.5.6}{\376\377\000P\000h\000a\000s\000e\000\040\000o\000p\000\351\000r\000a\000t\000i\000o\000n\000n\000e\000l\000l\000e}{subsection.1.5}% 12
\BOOKMARK [2][-]{subsection.1.6}{\376\377\000L\000e\000s\000\040\000a\000t\000t\000a\000q\000u\000e\000s}{section.1}% 13
\BOOKMARK [1][-]{section.2}{\376\377\000A\000r\000c\000h\000i\000t\000e\000c\000t\000u\000r\000e\000\040\000d\000u\000\040\000b\000o\000t\000n\000e\000t}{}% 14
\BOOKMARK [2][-]{subsection.2.1}{\376\377\000A\000r\000c\000h\000i\000t\000e\000c\000t\000u\000r\000e\000\040\000c\000e\000n\000t\000r\000a\000l\000i\000s\000\351\000e}{section.2}% 15
\BOOKMARK [3][-]{subsubsection.2.1.1}{\376\377\000D\000\351\000f\000i\000n\000i\000t\000i\000o\000n}{subsection.2.1}% 16
\BOOKMARK [3][-]{subsubsection.2.1.2}{\376\377\000L\000i\000s\000t\000e\000\040\000d\000e\000s\000\040\000p\000r\000o\000t\000o\000c\000o\000l\000e\000s\000\040\000u\000t\000i\000l\000i\000s\000\351\000s\000\040\000p\000a\000r\000\040\000l\000e\000\040\000b\000o\000t\000n\000e\000t}{subsection.2.1}% 17
\BOOKMARK [3][-]{subsubsection.2.1.3}{\376\377\000A\000v\000a\000n\000t\000a\000g\000e\000s}{subsection.2.1}% 18
\BOOKMARK [3][-]{subsubsection.2.1.4}{\376\377\000I\000n\000c\000o\000n\000v\000\351\000n\000i\000e\000n\000t\000s}{subsection.2.1}% 19
\BOOKMARK [3][-]{subsubsection.2.1.5}{\376\377\000e\000x\000e\000m\000p\000l\000e\000s}{subsection.2.1}% 20
\BOOKMARK [2][-]{subsection.2.2}{\376\377\000A\000r\000c\000h\000i\000t\000e\000c\000t\000u\000r\000e\000\040\000d\000\351\000c\000e\000n\000t\000r\000a\000l\000i\000s\000\351\000e\000e}{section.2}% 21
\BOOKMARK [3][-]{subsubsection.2.2.1}{\376\377\000D\000\351\000f\000i\000n\000i\000t\000i\000o\000n}{subsection.2.2}% 22
\BOOKMARK [3][-]{subsubsection.2.2.2}{\376\377\000L\000i\000s\000t\000e\000\040\000d\000e\000s\000\040\000p\000r\000o\000t\000o\000c\000o\000l\000e\000s\000\040\000u\000t\000i\000l\000i\000s\000\351\000s\000\040\000p\000a\000r\000\040\000l\000e\000\040\000b\000o\000t\000n\000e\000t}{subsection.2.2}% 23
\BOOKMARK [3][-]{subsubsection.2.2.3}{\376\377\000A\000v\000a\000n\000t\000a\000g\000e\000s}{subsection.2.2}% 24
\BOOKMARK [3][-]{subsubsection.2.2.4}{\376\377\000I\000n\000c\000o\000n\000v\000\351\000n\000i\000e\000n\000t\000s}{subsection.2.2}% 25
\BOOKMARK [3][-]{subsubsection.2.2.5}{\376\377\000e\000x\000e\000m\000p\000l\000e\000s}{subsection.2.2}% 26
\BOOKMARK [2][-]{subsection.2.3}{\376\377\000A\000r\000c\000h\000i\000t\000e\000c\000t\000u\000r\000e\000\040\000h\000y\000b\000r\000i\000d\000e}{section.2}% 27
\BOOKMARK [3][-]{subsubsection.2.3.1}{\376\377\000D\000\351\000f\000i\000n\000i\000t\000i\000o\000n}{subsection.2.3}% 28
\BOOKMARK [3][-]{subsubsection.2.3.2}{\376\377\000L\000i\000s\000t\000e\000\040\000d\000e\000s\000\040\000p\000r\000o\000t\000o\000c\000o\000l\000e\000s\000\040\000u\000t\000i\000l\000i\000s\000\351\000s\000\040\000p\000a\000r\000\040\000l\000e\000\040\000b\000o\000t\000n\000e\000t}{subsection.2.3}% 29
\BOOKMARK [3][-]{subsubsection.2.3.3}{\376\377\000A\000v\000a\000n\000t\000a\000g\000e\000s}{subsection.2.3}% 30
\BOOKMARK [3][-]{subsubsection.2.3.4}{\376\377\000I\000n\000c\000o\000n\000v\000\351\000n\000i\000e\000n\000t\000s}{subsection.2.3}% 31
\BOOKMARK [3][-]{subsubsection.2.3.5}{\376\377\000e\000x\000e\000m\000p\000l\000e\000s}{subsection.2.3}% 32
\BOOKMARK [2][-]{subsection.2.4}{\376\377\000A\000r\000c\000h\000i\000t\000e\000c\000t\000u\000r\000e\000\040\000a\000l\000\351\000a\000t\000o\000i\000r\000e}{section.2}% 33
\BOOKMARK [3][-]{subsubsection.2.4.1}{\376\377\000D\000\351\000f\000i\000n\000i\000t\000i\000o\000n}{subsection.2.4}% 34
\BOOKMARK [3][-]{subsubsection.2.4.2}{\376\377\000L\000i\000s\000t\000e\000\040\000d\000e\000s\000\040\000p\000r\000o\000t\000o\000c\000o\000l\000e\000s\000\040\000u\000t\000i\000l\000i\000s\000\351\000s\000\040\000p\000a\000r\000\040\000l\000e\000\040\000b\000o\000t\000n\000e\000t}{subsection.2.4}% 35
\BOOKMARK [3][-]{subsubsection.2.4.3}{\376\377\000A\000v\000a\000n\000t\000a\000g\000e\000s}{subsection.2.4}% 36
\BOOKMARK [3][-]{subsubsection.2.4.4}{\376\377\000I\000n\000c\000o\000n\000v\000\351\000n\000i\000e\000n\000t\000s}{subsection.2.4}% 37
\BOOKMARK [3][-]{subsubsection.2.4.5}{\376\377\000e\000x\000e\000m\000p\000l\000e\000s}{subsection.2.4}% 38
\BOOKMARK [1][-]{section.3}{\376\377\000L\000e\000s\000\040\000m\000\351\000t\000h\000o\000d\000e\000s\000\040\000d\000e\000\040\000l\000u\000t\000t\000e\000\040\000a\000d\000a\000p\000t\000\351\000e\000s\000\040\000a\000u\000\040\000r\000\351\000s\000e\000a\000u}{}% 39
\BOOKMARK [2][-]{subsection.3.1}{\376\377\000L\000a\000\040\000d\000\351\000t\000e\000c\000t\000i\000o\000n}{section.3}% 40
\BOOKMARK [3][-]{subsubsection.3.1.1}{\376\377\000L\000a\000\040\000d\000\351\000t\000e\000c\000t\000i\000o\000n\000\040\000p\000a\000s\000s\000i\000v\000e}{subsection.3.1}% 41
\BOOKMARK [3][-]{subsubsection.3.1.2}{\376\377\000L\000a\000\040\000d\000\351\000t\000e\000c\000t\000i\000o\000n\000\040\000a\000c\000t\000i\000v\000e}{subsection.3.1}% 42
\BOOKMARK [2][-]{subsection.3.2}{\376\377\000L\000'\000a\000n\000a\000l\000y\000s\000e}{section.3}% 43
\BOOKMARK [3][-]{subsubsection.3.2.1}{\376\377\000L\000'\000a\000n\000a\000l\000y\000s\000e\000\040\000s\000t\000a\000t\000i\000q\000u\000e}{subsection.3.2}% 44
\BOOKMARK [3][-]{subsubsection.3.2.2}{\376\377\000L\000'\000a\000n\000a\000l\000y\000s\000e\000\040\000d\000y\000n\000a\000m\000i\000q\000u\000e}{subsection.3.2}% 45
\BOOKMARK [2][-]{subsection.3.3}{\376\377\000L\000a\000\040\000d\000\351\000f\000e\000n\000s\000e\000\040\000e\000t\000\040\000l\000e\000\040\000b\000l\000o\000c\000a\000g\000e}{section.3}% 46
\BOOKMARK [2][-]{subsection.3.4}{\376\377\000L\000e\000\040\000d\000\351\000m\000a\000n\000t\000\350\000l\000e\000m\000e\000n\000t}{section.3}% 47
\BOOKMARK [1][-]{section.4}{\376\377\000C\000o\000n\000c\000l\000u\000s\000i\000o\000n}{}% 48
