This is pdfTeX, Version 3.14159265-2.6-1.40.20 (TeX Live 2019) (preloaded format=pdflatex 2020.1.9)  11 JAN 2020 17:07
entering extended mode
 restricted \write18 enabled.
 %&-line parsing enabled.
**CYBERDEF-32-threatman.notes.tex
(./CYBERDEF-32-threatman.notes.tex
LaTeX2e <2019-10-01> patch level 3

! LaTeX Error: File `../Tex/Notes/Commons/config-notes.tex' not found.

Type X to quit or <RETURN> to proceed,
or enter new name. (Default extension: tex)

Enter file name: 
! Emergency stop.
<read *> 
         
l.14 \input{../Tex/Notes/Commons/config-notes.tex}
                                                  ^^M
*** (cannot \read from terminal in nonstop modes)

 
Here is how much of TeX's memory you used:
 8 strings out of 492163
 277 string characters out of 6125307
 59148 words of memory out of 5000000
 4473 multiletter control sequences out of 15000+600000
 3640 words of font info for 14 fonts, out of 8000000 for 9000
 1141 hyphenation exceptions out of 8191
 10i,0n,6p,117b,10s stack positions out of 5000i,500n,10000p,200000b,80000s
!  ==> Fatal error occurred, no output PDF file produced!
